0 verbose cli C:\Program Files\nodejs\node.exe C:\Users\le056548\AppData\Roaming\npm\node_modules\npm\bin\npm-cli.js
1 info using npm@10.8.0
2 info using node@v21.0.0
3 silly config load:file:C:\Users\le056548\AppData\Roaming\npm\node_modules\npm\npmrc
4 silly config load:file:C:\Users\le056548\.npmrc
5 silly config load:file:C:\Users\le056548\AppData\Roaming\npm\etc\npmrc
6 verbose title npm i yarn
7 verbose argv "i" "yarn" "--global"
8 verbose logfile logs-max:10 dir:C:\leo\dev\vracreoengenharia\.npm\_logs\2024-11-17T13_59_04_371Z-
9 verbose logfile C:\leo\dev\vracreoengenharia\.npm\_logs\2024-11-17T13_59_04_371Z-debug-0.log
10 silly packumentCache heap:4345298944 maxSize:1086324736 maxEntrySize:543162368
11 silly logfile done cleaning log files
12 silly idealTree buildDeps
13 silly fetch manifest yarn@*
14 silly packumentCache full:https://registry.npmjs.org/yarn cache-miss
15 http fetch GET 200 https://registry.npmjs.org/npm 216ms
16 http fetch GET 200 https://registry.npmjs.org/yarn 214ms (cache miss)
17 silly packumentCache full:https://registry.npmjs.org/yarn set size:undefined disposed:false
18 silly placeDep ROOT yarn@1.22.22 OK for:  want: *
19 silly reify moves {}
20 silly tarball no local data for yarn@https://registry.npmjs.org/yarn/-/yarn-1.22.22.tgz. Extracting by manifest.
21 http fetch GET 200 https://registry.npmjs.org/yarn/-/yarn-1.22.22.tgz 171ms (cache miss)
22 info run yarn@1.22.22 preinstall node_modules/yarn :; (node ./preinstall.js > /dev/null 2>&1 || true)
23 info run yarn@1.22.22 preinstall { code: 0, signal: null }
24 silly ADD node_modules/yarn
25 verbose cwd C:\leo\dev\vracreoengenharia
26 verbose os Windows_NT 10.0.22631
27 verbose node v21.0.0
28 verbose npm  v10.8.0
29 notice
29 notice New [33mminor[39m version of npm available! [33m10.8.0[39m -> [34m10.9.0[39m
29 notice Changelog: [34mhttps://github.com/npm/cli/releases/tag/v10.9.0[39m
29 notice To update run: [4mnpm install -g npm@10.9.0[24m
29 notice  { force: true, [Symbol(proc-log.meta)]: true }
30 verbose exit 0
31 info ok
